<?xml version="1.0" encoding="UTF-8"?>
<!-- Generated by org.testng.reporters.JUnitReportReporter -->
<testsuite hostname="DESKTOP-UM2MPT8" failures="0" tests="1" name="TestScenarios.HomePageTest" time="3.784" errors="0" timestamp="2023-09-20T12:11:59 IST" skipped="0">
  <testcase classname="TestScenarios.HomePageTest" name="TestHomePageUI" time="3.784"/>
  <system-out/>
</testsuite> <!-- TestScenarios.HomePageTest -->
