<?xml version="1.0" encoding="UTF-8"?>
<!-- Generated by org.testng.reporters.JUnitReportReporter -->
<testsuite hostname="DESKTOP-UM2MPT8" failures="0" tests="1" name="TestScenarios.ContactPageTest" time="2.084" errors="0" timestamp="2023-09-20T12:11:59 IST" skipped="0">
  <testcase classname="TestScenarios.ContactPageTest" name="TestContactPageUI" time="2.084"/>
  <system-out/>
</testsuite> <!-- TestScenarios.ContactPageTest -->
