<?xml version="1.0" encoding="UTF-8"?>
<!-- Generated by org.testng.reporters.JUnitReportReporter -->
<testsuite hostname="DESKTOP-UM2MPT8" failures="0" tests="4" name="TestScenarios.HeaderSectionTest" time="9.968" errors="0" timestamp="2023-09-20T12:11:59 IST" skipped="0">
  <testcase classname="TestScenarios.HeaderSectionTest" name="TextHeaderSectionUI" time="2.083"/>
  <system-out/>
  <testcase classname="TestScenarios.HeaderSectionTest" name="TestNavigationClickingNavbarAbout" time="2.317"/>
  <system-out/>
  <testcase classname="TestScenarios.HeaderSectionTest" name="TestClickNavbarContact" time="3.765"/>
  <system-out/>
  <testcase classname="TestScenarios.HeaderSectionTest" name="TestClickNavbarHome" time="1.803"/>
  <system-out/>
</testsuite> <!-- TestScenarios.HeaderSectionTest -->
