<?xml version="1.0" encoding="UTF-8"?>
<!-- Generated by org.testng.reporters.JUnitReportReporter -->
<testsuite hostname="DESKTOP-UM2MPT8" failures="0" tests="1" name="TestScenarios.AboutPageTest" time="2.279" errors="0" timestamp="2023-09-20T12:11:59 IST" skipped="0">
  <testcase classname="TestScenarios.AboutPageTest" name="TestAboutPageUI" time="2.279"/>
  <system-out/>
</testsuite> <!-- TestScenarios.AboutPageTest -->
